# JRE version: Java(TM) SE Runtime Environment (8.0_73-b02) (build 1.8.0_73-b02)
# Java VM: Java HotSpot(TM) 64-Bit Server VM (25.73-b02 mixed mode windows-amd64 compressed oops)
Heap:
 PSYoungGen      total 141824K, used 68593K [0x000000076b200000, 0x0000000774700000, 0x00000007c0000000)
  eden space 131072K, 52% used [0x000000076b200000,0x000000076f4fc5d0,0x0000000773200000)
  from space 10752K, 0% used [0x0000000773c80000,0x0000000773c80000,0x0000000774700000)
  to   space 10752K, 0% used [0x0000000773200000,0x0000000773200000,0x0000000773c80000)
 ParOldGen       total 123904K, used 14681K [0x00000006c1600000, 0x00000006c8f00000, 0x000000076b200000)
  object space 123904K, 11% used [0x00000006c1600000,0x00000006c24566f0,0x00000006c8f00000)
 Metaspace       used 23417K, capacity 23942K, committed 24320K, reserved 1071104K
  class space    used 2800K, capacity 2945K, committed 3072K, reserved 1048576K
GC Heap History (10 events):
Event: 1.013 GC heap before
{Heap before GC invocations=1 (full 0):
 PSYoungGen      total 76288K, used 65536K [0x000000076b200000, 0x0000000770700000, 0x00000007c0000000)
  eden space 65536K, 100% used [0x000000076b200000,0x000000076f200000,0x000000076f200000)
  from space 10752K, 0% used [0x000000076fc80000,0x000000076fc80000,0x0000000770700000)
  to   space 10752K, 0% used [0x000000076f200000,0x000000076f200000,0x000000076fc80000)
 ParOldGen       total 175104K, used 0K [0x00000006c1600000, 0x00000006cc100000, 0x000000076b200000)
  object space 175104K, 0% used [0x00000006c1600000,0x00000006c1600000,0x00000006cc100000)
 Metaspace       used 12060K, capacity 12202K, committed 12416K, reserved 1060864K
  class space    used 1549K, capacity 1637K, committed 1664K, reserved 1048576K
Event: 1.022 GC heap after
Heap after GC invocations=1 (full 0):
 PSYoungGen      total 76288K, used 10627K [0x000000076b200000, 0x0000000770700000, 0x00000007c0000000)
  eden space 65536K, 0% used [0x000000076b200000,0x000000076b200000,0x000000076f200000)
  from space 10752K, 98% used [0x000000076f200000,0x000000076fc60c50,0x000000076fc80000)
  to   space 10752K, 0% used [0x000000076fc80000,0x000000076fc80000,0x0000000770700000)
 ParOldGen       total 175104K, used 16K [0x00000006c1600000, 0x00000006cc100000, 0x000000076b200000)
  object space 175104K, 0% used [0x00000006c1600000,0x00000006c1604000,0x00000006cc100000)
 Metaspace       used 12060K, capacity 12202K, committed 12416K, reserved 1060864K
  class space    used 1549K, capacity 1637K, committed 1664K, reserved 1048576K
}
Event: 2.044 GC heap before
{Heap before GC invocations=2 (full 0):
 PSYoungGen      total 76288K, used 76163K [0x000000076b200000, 0x0000000770700000, 0x00000007c0000000)
  eden space 65536K, 100% used [0x000000076b200000,0x000000076f200000,0x000000076f200000)
  from space 10752K, 98% used [0x000000076f200000,0x000000076fc60c50,0x000000076fc80000)
  to   space 10752K, 0% used [0x000000076fc80000,0x000000076fc80000,0x0000000770700000)
 ParOldGen       total 175104K, used 16K [0x00000006c1600000, 0x00000006cc100000, 0x000000076b200000)
  object space 175104K, 0% used [0x00000006c1600000,0x00000006c1604000,0x00000006cc100000)
 Metaspace       used 15112K, capacity 15364K, committed 15488K, reserved 1062912K
  class space    used 1822K, capacity 1908K, committed 1920K, reserved 1048576K
Event: 2.061 GC heap after
Heap after GC invocations=2 (full 0):
 PSYoungGen      total 76288K, used 8884K [0x000000076b200000, 0x0000000774700000, 0x00000007c0000000)
  eden space 65536K, 0% used [0x000000076b200000,0x000000076b200000,0x000000076f200000)
  from space 10752K, 82% used [0x000000076fc80000,0x000000077052d230,0x0000000770700000)
  to   space 10752K, 0% used [0x000000076f200000,0x000000076f200000,0x000000076fc80000)
 ParOldGen       total 175104K, used 24K [0x00000006c1600000, 0x00000006cc100000, 0x000000076b200000)
  object space 175104K, 0% used [0x00000006c1600000,0x00000006c1606000,0x00000006cc100000)
 Metaspace       used 15112K, capacity 15364K, committed 15488K, reserved 1062912K
  class space    used 1822K, capacity 1908K, committed 1920K, reserved 1048576K
}
Event: 2.683 GC heap before
{Heap before GC invocations=3 (full 0):
 PSYoungGen      total 76288K, used 74420K [0x000000076b200000, 0x0000000774700000, 0x00000007c0000000)
  eden space 65536K, 100% used [0x000000076b200000,0x000000076f200000,0x000000076f200000)
  from space 10752K, 82% used [0x000000076fc80000,0x000000077052d230,0x0000000770700000)
  to   space 10752K, 0% used [0x000000076f200000,0x000000076f200000,0x000000076fc80000)
 ParOldGen       total 175104K, used 24K [0x00000006c1600000, 0x00000006cc100000, 0x000000076b200000)
  object space 175104K, 0% used [0x00000006c1600000,0x00000006c1606000,0x00000006cc100000)
 Metaspace       used 15524K, capacity 15784K, committed 16000K, reserved 1062912K
  class space    used 1826K, capacity 1914K, committed 1920K, reserved 1048576K
Event: 2.699 GC heap after
Heap after GC invocations=3 (full 0):
 PSYoungGen      total 76288K, used 9968K [0x000000076b200000, 0x0000000774700000, 0x00000007c0000000)
  eden space 65536K, 0% used [0x000000076b200000,0x000000076b200000,0x000000076f200000)
  from space 10752K, 92% used [0x000000076f200000,0x000000076fbbc010,0x000000076fc80000)
  to   space 10752K, 0% used [0x0000000773c80000,0x0000000773c80000,0x0000000774700000)
 ParOldGen       total 175104K, used 32K [0x00000006c1600000, 0x00000006cc100000, 0x000000076b200000)
  object space 175104K, 0% used [0x00000006c1600000,0x00000006c1608000,0x00000006cc100000)
 Metaspace       used 15524K, capacity 15784K, committed 16000K, reserved 1062912K
  class space    used 1826K, capacity 1914K, committed 1920K, reserved 1048576K
}
Event: 3.582 GC heap before
{Heap before GC invocations=4 (full 0):
 PSYoungGen      total 76288K, used 62593K [0x000000076b200000, 0x0000000774700000, 0x00000007c0000000)
  eden space 65536K, 80% used [0x000000076b200000,0x000000076e5646d0,0x000000076f200000)
  from space 10752K, 92% used [0x000000076f200000,0x000000076fbbc010,0x000000076fc80000)
  to   space 10752K, 0% used [0x0000000773c80000,0x0000000773c80000,0x0000000774700000)
 ParOldGen       total 175104K, used 32K [0x00000006c1600000, 0x00000006cc100000, 0x000000076b200000)
  object space 175104K, 0% used [0x00000006c1600000,0x00000006c1608000,0x00000006cc100000)
 Metaspace       used 20784K, capacity 21198K, committed 21296K, reserved 1069056K
  class space    used 2519K, capacity 2654K, committed 2688K, reserved 1048576K
Event: 3.613 GC heap after
Heap after GC invocations=4 (full 0):
 PSYoungGen      total 141824K, used 10728K [0x000000076b200000, 0x0000000774700000, 0x00000007c0000000)
  eden space 131072K, 0% used [0x000000076b200000,0x000000076b200000,0x0000000773200000)
  from space 10752K, 99% used [0x0000000773c80000,0x00000007746fa1c8,0x0000000774700000)
  to   space 10752K, 0% used [0x0000000773200000,0x0000000773200000,0x0000000773c80000)
 ParOldGen       total 175104K, used 4112K [0x00000006c1600000, 0x00000006cc100000, 0x000000076b200000)
  object space 175104K, 2% used [0x00000006c1600000,0x00000006c1a040c0,0x00000006cc100000)
 Metaspace       used 20784K, capacity 21198K, committed 21296K, reserved 1069056K
  class space    used 2519K, capacity 2654K, committed 2688K, reserved 1048576K
}
Event: 3.613 GC heap before
{Heap before GC invocations=5 (full 1):
 PSYoungGen      total 141824K, used 10728K [0x000000076b200000, 0x0000000774700000, 0x00000007c0000000)
  eden space 131072K, 0% used [0x000000076b200000,0x000000076b200000,0x0000000773200000)
  from space 10752K, 99% used [0x0000000773c80000,0x00000007746fa1c8,0x0000000774700000)
  to   space 10752K, 0% used [0x0000000773200000,0x0000000773200000,0x0000000773c80000)
 ParOldGen       total 175104K, used 4112K [0x00000006c1600000, 0x00000006cc100000, 0x000000076b200000)
  object space 175104K, 2% used [0x00000006c1600000,0x00000006c1a040c0,0x00000006cc100000)
 Metaspace       used 20784K, capacity 21198K, committed 21296K, reserved 1069056K
  class space    used 2519K, capacity 2654K, committed 2688K, reserved 1048576K
Event: 3.727 GC heap after
Heap after GC invocations=5 (full 1):
 PSYoungGen      total 141824K, used 0K [0x000000076b200000, 0x0000000774700000, 0x00000007c0000000)
  eden space 131072K, 0% used [0x000000076b200000,0x000000076b200000,0x0000000773200000)
  from space 10752K, 0% used [0x0000000773c80000,0x0000000773c80000,0x0000000774700000)
  to   space 10752K, 0% used [0x0000000773200000,0x0000000773200000,0x0000000773c80000)
 ParOldGen       total 123904K, used 14681K [0x00000006c1600000, 0x00000006c8f00000, 0x000000076b200000)
  object space 123904K, 11% used [0x00000006c1600000,0x00000006c24566f0,0x00000006c8f00000)
 Metaspace       used 20784K, capacity 21198K, committed 21296K, reserved 1069056K
  class space    used 2519K, capacity 2654K, committed 2688K, reserved 1048576K
}

