<?xml version="1.0" encoding="UTF-8"?>
<!-- Generated by org.testng.reporters.JUnitXMLReporter -->
<testsuite hostname="Newt-Pk036" name="SecondTest" tests="10" failures="0" timestamp="16 Jun 2016 10:18:09 GMT" time="0.01" errors="0">
  <testcase name="add" time="0.0" classname="com.srccodes.example.CalculatorTest"/>
  <testcase name="div1" time="0.0" classname="com.srccodes.example.CalculatorTest"/>
  <testcase name="div2" time="0.0" classname="com.srccodes.example.CalculatorTest"/>
  <testcase name="div3" time="0.0" classname="com.srccodes.example.CalculatorTest"/>
  <testcase name="div4" time="0.0" classname="com.srccodes.example.CalculatorTest"/>
  <testcase name="mul" time="0.0" classname="com.srccodes.example.CalculatorTest"/>
  <testcase name="sub1" time="0.0" classname="com.srccodes.example.CalculatorTest"/>
  <testcase name="sub2" time="0.0" classname="com.srccodes.example.CalculatorTest"/>
  <testcase name="sub3" time="0.0" classname="com.srccodes.example.CalculatorTest"/>
  <testcase name="sub4" time="0.0" classname="com.srccodes.example.CalculatorTest"/>
</testsuite> <!-- SecondTest -->
