<?xml version="1.0" encoding="UTF-8"?>
<testng-results skipped="0" failed="0" total="12" passed="12">
  <reporter-output>
  </reporter-output>
  <suite name="Suite1" duration-ms="442" started-at="2016-06-16T10:18:09Z" finished-at="2016-06-16T10:18:09Z">
    <groups>
    </groups>
    <test name="FirstTest" duration-ms="412" started-at="2016-06-16T10:18:09Z" finished-at="2016-06-16T10:18:09Z">
      <class name="com.srccodes.example.UserServiceTest">
        <test-method status="PASS" signature="testGetRowCount()[pri:0, instance:com.srccodes.example.UserServiceTest@57fa26b7]" name="testGetRowCount" duration-ms="402" started-at="2016-06-16T15:48:09Z" finished-at="2016-06-16T15:48:09Z">
          <reporter-output>
          </reporter-output>
        </test-method> <!-- testGetRowCount -->
      </class> <!-- com.srccodes.example.UserServiceTest -->
    </test> <!-- FirstTest -->
    <test name="SecondTest" duration-ms="10" started-at="2016-06-16T10:18:09Z" finished-at="2016-06-16T10:18:09Z">
      <class name="com.srccodes.example.CalculatorTest">
        <test-method status="PASS" signature="setup()[pri:0, instance:com.srccodes.example.CalculatorTest@6c629d6e]" name="setup" is-config="true" duration-ms="0" started-at="2016-06-16T15:48:09Z" finished-at="2016-06-16T15:48:09Z">
          <reporter-output>
          </reporter-output>
        </test-method> <!-- setup -->
        <test-method status="PASS" signature="div3()[pri:0, instance:com.srccodes.example.CalculatorTest@6c629d6e]" name="div3" duration-ms="0" started-at="2016-06-16T15:48:09Z" finished-at="2016-06-16T15:48:09Z">
          <reporter-output>
          </reporter-output>
        </test-method> <!-- div3 -->
        <test-method status="PASS" signature="mul()[pri:0, instance:com.srccodes.example.CalculatorTest@6c629d6e]" name="mul" duration-ms="0" started-at="2016-06-16T15:48:09Z" finished-at="2016-06-16T15:48:09Z">
          <reporter-output>
          </reporter-output>
        </test-method> <!-- mul -->
        <test-method status="PASS" signature="sub4()[pri:0, instance:com.srccodes.example.CalculatorTest@6c629d6e]" name="sub4" duration-ms="0" started-at="2016-06-16T15:48:09Z" finished-at="2016-06-16T15:48:09Z">
          <reporter-output>
          </reporter-output>
        </test-method> <!-- sub4 -->
        <test-method status="PASS" signature="add()[pri:0, instance:com.srccodes.example.CalculatorTest@6c629d6e]" name="add" duration-ms="0" started-at="2016-06-16T15:48:09Z" finished-at="2016-06-16T15:48:09Z">
          <reporter-output>
          </reporter-output>
        </test-method> <!-- add -->
        <test-method status="PASS" signature="sub2()[pri:0, instance:com.srccodes.example.CalculatorTest@6c629d6e]" name="sub2" duration-ms="0" started-at="2016-06-16T15:48:09Z" finished-at="2016-06-16T15:48:09Z">
          <reporter-output>
          </reporter-output>
        </test-method> <!-- sub2 -->
        <test-method status="PASS" signature="div4()[pri:0, instance:com.srccodes.example.CalculatorTest@6c629d6e]" name="div4" duration-ms="0" started-at="2016-06-16T15:48:09Z" finished-at="2016-06-16T15:48:09Z">
          <reporter-output>
          </reporter-output>
        </test-method> <!-- div4 -->
        <test-method status="PASS" signature="div1()[pri:0, instance:com.srccodes.example.CalculatorTest@6c629d6e]" name="div1" duration-ms="0" started-at="2016-06-16T15:48:09Z" finished-at="2016-06-16T15:48:09Z">
          <reporter-output>
          </reporter-output>
        </test-method> <!-- div1 -->
        <test-method status="PASS" signature="div2()[pri:0, instance:com.srccodes.example.CalculatorTest@6c629d6e]" name="div2" duration-ms="0" started-at="2016-06-16T15:48:09Z" finished-at="2016-06-16T15:48:09Z">
          <reporter-output>
          </reporter-output>
        </test-method> <!-- div2 -->
        <test-method status="PASS" signature="sub1()[pri:0, instance:com.srccodes.example.CalculatorTest@6c629d6e]" name="sub1" duration-ms="0" started-at="2016-06-16T15:48:09Z" finished-at="2016-06-16T15:48:09Z">
          <reporter-output>
          </reporter-output>
        </test-method> <!-- sub1 -->
        <test-method status="PASS" signature="sub3()[pri:0, instance:com.srccodes.example.CalculatorTest@6c629d6e]" name="sub3" duration-ms="0" started-at="2016-06-16T15:48:09Z" finished-at="2016-06-16T15:48:09Z">
          <reporter-output>
          </reporter-output>
        </test-method> <!-- sub3 -->
      </class> <!-- com.srccodes.example.CalculatorTest -->
    </test> <!-- SecondTest -->
    <test name="ThirdTest" duration-ms="10" started-at="2016-06-16T10:18:09Z" finished-at="2016-06-16T10:18:09Z">
      <class name="com.srccodes.example.NameParserTest">
        <test-method status="PASS" signature="setUp()[pri:0, instance:com.srccodes.example.NameParserTest@1517365b]" name="setUp" is-config="true" duration-ms="10" started-at="2016-06-16T15:48:09Z" finished-at="2016-06-16T15:48:09Z">
          <reporter-output>
          </reporter-output>
        </test-method> <!-- setUp -->
        <test-method status="PASS" signature="shouldFindPersonByLastName1()[pri:0, instance:com.srccodes.example.NameParserTest@1517365b]" name="shouldFindPersonByLastName1" duration-ms="0" started-at="2016-06-16T15:48:09Z" finished-at="2016-06-16T15:48:09Z">
          <reporter-output>
          </reporter-output>
        </test-method> <!-- shouldFindPersonByLastName1 -->
      </class> <!-- com.srccodes.example.NameParserTest -->
    </test> <!-- ThirdTest -->
  </suite> <!-- Suite1 -->
</testng-results>
